九月 23, 2018 6:56:54 下午 org.apache.catalina.startup.VersionLoggerListener log
信息: Server version:        Apache Tomcat/7.0.91
九月 23, 2018 6:56:54 下午 org.apache.catalina.startup.VersionLoggerListener log
信息: Server built:          Sep 13 2018 19:52:12 UTC
九月 23, 2018 6:56:54 下午 org.apache.catalina.startup.VersionLoggerListener log
信息: Server number:         7.0.91.0
九月 23, 2018 6:56:54 下午 org.apache.catalina.startup.VersionLoggerListener log
信息: OS Name:               Windows 10
九月 23, 2018 6:56:54 下午 org.apache.catalina.startup.VersionLoggerListener log
信息: OS Version:            10.0
九月 23, 2018 6:56:54 下午 org.apache.catalina.startup.VersionLoggerListener log
信息: Architecture:          amd64
九月 23, 2018 6:56:54 下午 org.apache.catalina.startup.VersionLoggerListener log
信息: Java Home:             E:\Java\jdk\jre
九月 23, 2018 6:56:54 下午 org.apache.catalina.startup.VersionLoggerListener log
信息: JVM Version:           1.8.0_181-b13
九月 23, 2018 6:56:54 下午 org.apache.catalina.startup.VersionLoggerListener log
信息: JVM Vendor:            Oracle Corporation
九月 23, 2018 6:56:54 下午 org.apache.catalina.startup.VersionLoggerListener log
信息: CATALINA_BASE:         E:\eclipse\apache-tomcat-7.0.91
九月 23, 2018 6:56:54 下午 org.apache.catalina.startup.VersionLoggerListener log
信息: CATALINA_HOME:         E:\eclipse\apache-tomcat-7.0.91
九月 23, 2018 6:56:54 下午 org.apache.catalina.startup.VersionLoggerListener log
信息: Command line argument: -Djava.util.logging.config.file=E:\eclipse\apache-tomcat-7.0.91\conf\logging.properties
九月 23, 2018 6:56:54 下午 org.apache.catalina.startup.VersionLoggerListener log
信息: Command line argument: -Djava.util.logging.manager=org.apache.juli.ClassLoaderLogManager
九月 23, 2018 6:56:54 下午 org.apache.catalina.startup.VersionLoggerListener log
信息: Command line argument: -Djdk.tls.ephemeralDHKeySize=2048
九月 23, 2018 6:56:54 下午 org.apache.catalina.startup.VersionLoggerListener log
信息: Command line argument: -Dignore.endorsed.dirs=
九月 23, 2018 6:56:54 下午 org.apache.catalina.startup.VersionLoggerListener log
信息: Command line argument: -Dcatalina.base=E:\eclipse\apache-tomcat-7.0.91
九月 23, 2018 6:56:54 下午 org.apache.catalina.startup.VersionLoggerListener log
信息: Command line argument: -Dcatalina.home=E:\eclipse\apache-tomcat-7.0.91
九月 23, 2018 6:56:54 下午 org.apache.catalina.startup.VersionLoggerListener log
信息: Command line argument: -Djava.io.tmpdir=E:\eclipse\apache-tomcat-7.0.91\temp
九月 23, 2018 6:56:54 下午 org.apache.catalina.core.AprLifecycleListener lifecycleEvent
信息: Loaded APR based Apache Tomcat Native library 1.2.17 using APR version 1.6.3.
九月 23, 2018 6:56:54 下午 org.apache.catalina.core.AprLifecycleListener lifecycleEvent
信息: APR capabilities: IPv6 [true], sendfile [true], accept filters [false], random [true].
九月 23, 2018 6:56:55 下午 org.apache.catalina.core.AprLifecycleListener initializeSSL
信息: OpenSSL successfully initialized (OpenSSL 1.0.2o  27 Mar 2018)
九月 23, 2018 6:56:55 下午 org.apache.coyote.AbstractProtocol init
信息: Initializing ProtocolHandler ["http-apr-8080"]
九月 23, 2018 6:56:55 下午 org.apache.coyote.AbstractProtocol init
信息: Initializing ProtocolHandler ["ajp-apr-8009"]
九月 23, 2018 6:56:55 下午 org.apache.catalina.startup.Catalina load
信息: Initialization processed in 1061 ms
九月 23, 2018 6:56:55 下午 org.apache.catalina.core.StandardService startInternal
信息: Starting service Catalina
九月 23, 2018 6:56:55 下午 org.apache.catalina.core.StandardEngine startInternal
信息: Starting Servlet Engine: Apache Tomcat/7.0.91
九月 23, 2018 6:56:55 下午 org.apache.catalina.startup.HostConfig deployDirectory
信息: Deploying web application directory E:\eclipse\apache-tomcat-7.0.91\webapps\docs
九月 23, 2018 6:56:55 下午 org.apache.catalina.startup.HostConfig deployDirectory
信息: Deployment of web application directory E:\eclipse\apache-tomcat-7.0.91\webapps\docs has finished in 387 ms
九月 23, 2018 6:56:55 下午 org.apache.catalina.startup.HostConfig deployDirectory
信息: Deploying web application directory E:\eclipse\apache-tomcat-7.0.91\webapps\examples
九月 23, 2018 6:56:55 下午 org.apache.catalina.startup.HostConfig deployDirectory
信息: Deployment of web application directory E:\eclipse\apache-tomcat-7.0.91\webapps\examples has finished in 232 ms
九月 23, 2018 6:56:55 下午 org.apache.catalina.startup.HostConfig deployDirectory
信息: Deploying web application directory E:\eclipse\apache-tomcat-7.0.91\webapps\host-manager
九月 23, 2018 6:56:55 下午 org.apache.catalina.startup.HostConfig deployDirectory
信息: Deployment of web application directory E:\eclipse\apache-tomcat-7.0.91\webapps\host-manager has finished in 56 ms
九月 23, 2018 6:56:55 下午 org.apache.catalina.startup.HostConfig deployDirectory
信息: Deploying web application directory E:\eclipse\apache-tomcat-7.0.91\webapps\manager
九月 23, 2018 6:56:56 下午 org.apache.catalina.startup.HostConfig deployDirectory
信息: Deployment of web application directory E:\eclipse\apache-tomcat-7.0.91\webapps\manager has finished in 71 ms
九月 23, 2018 6:56:56 下午 org.apache.catalina.startup.HostConfig deployDirectory
信息: Deploying web application directory E:\eclipse\apache-tomcat-7.0.91\webapps\ROOT
九月 23, 2018 6:56:56 下午 org.apache.catalina.startup.HostConfig deployDirectory
信息: Deployment of web application directory E:\eclipse\apache-tomcat-7.0.91\webapps\ROOT has finished in 39 ms
九月 23, 2018 6:56:56 下午 org.apache.coyote.AbstractProtocol start
信息: Starting ProtocolHandler ["http-apr-8080"]
九月 23, 2018 6:56:56 下午 org.apache.coyote.AbstractProtocol start
信息: Starting ProtocolHandler ["ajp-apr-8009"]
九月 23, 2018 6:56:56 下午 org.apache.catalina.startup.Catalina start
信息: Server startup in 863 ms
