十月 14, 2018 6:36:38 下午 org.apache.catalina.startup.VersionLoggerListener log
信息: Server version:        Apache Tomcat/7.0.91
十月 14, 2018 6:36:38 下午 org.apache.catalina.startup.VersionLoggerListener log
信息: Server built:          Sep 13 2018 19:52:12 UTC
十月 14, 2018 6:36:38 下午 org.apache.catalina.startup.VersionLoggerListener log
信息: Server number:         7.0.91.0
十月 14, 2018 6:36:38 下午 org.apache.catalina.startup.VersionLoggerListener log
信息: OS Name:               Windows 10
十月 14, 2018 6:36:38 下午 org.apache.catalina.startup.VersionLoggerListener log
信息: OS Version:            10.0
十月 14, 2018 6:36:38 下午 org.apache.catalina.startup.VersionLoggerListener log
信息: Architecture:          amd64
十月 14, 2018 6:36:38 下午 org.apache.catalina.startup.VersionLoggerListener log
信息: Java Home:             E:\Java\jdk\jre
十月 14, 2018 6:36:38 下午 org.apache.catalina.startup.VersionLoggerListener log
信息: JVM Version:           1.8.0_181-b13
十月 14, 2018 6:36:38 下午 org.apache.catalina.startup.VersionLoggerListener log
信息: JVM Vendor:            Oracle Corporation
十月 14, 2018 6:36:38 下午 org.apache.catalina.startup.VersionLoggerListener log
信息: CATALINA_BASE:         E:\Java\apache-tomcat-7.0.91
十月 14, 2018 6:36:38 下午 org.apache.catalina.startup.VersionLoggerListener log
信息: CATALINA_HOME:         E:\Java\apache-tomcat-7.0.91
十月 14, 2018 6:36:38 下午 org.apache.catalina.startup.VersionLoggerListener log
信息: Command line argument: -Djava.util.logging.config.file=E:\Java\apache-tomcat-7.0.91\conf\logging.properties
十月 14, 2018 6:36:38 下午 org.apache.catalina.startup.VersionLoggerListener log
信息: Command line argument: -Djava.util.logging.manager=org.apache.juli.ClassLoaderLogManager
十月 14, 2018 6:36:38 下午 org.apache.catalina.startup.VersionLoggerListener log
信息: Command line argument: -Djdk.tls.ephemeralDHKeySize=2048
十月 14, 2018 6:36:38 下午 org.apache.catalina.startup.VersionLoggerListener log
信息: Command line argument: -Dignore.endorsed.dirs=
十月 14, 2018 6:36:38 下午 org.apache.catalina.startup.VersionLoggerListener log
信息: Command line argument: -Dcatalina.base=E:\Java\apache-tomcat-7.0.91
十月 14, 2018 6:36:38 下午 org.apache.catalina.startup.VersionLoggerListener log
信息: Command line argument: -Dcatalina.home=E:\Java\apache-tomcat-7.0.91
十月 14, 2018 6:36:38 下午 org.apache.catalina.startup.VersionLoggerListener log
信息: Command line argument: -Djava.io.tmpdir=E:\Java\apache-tomcat-7.0.91\temp
十月 14, 2018 6:36:38 下午 org.apache.catalina.core.AprLifecycleListener lifecycleEvent
信息: Loaded APR based Apache Tomcat Native library 1.2.17 using APR version 1.6.3.
十月 14, 2018 6:36:38 下午 org.apache.catalina.core.AprLifecycleListener lifecycleEvent
信息: APR capabilities: IPv6 [true], sendfile [true], accept filters [false], random [true].
十月 14, 2018 6:36:39 下午 org.apache.catalina.core.AprLifecycleListener initializeSSL
信息: OpenSSL successfully initialized (OpenSSL 1.0.2o  27 Mar 2018)
十月 14, 2018 6:36:40 下午 org.apache.coyote.AbstractProtocol init
信息: Initializing ProtocolHandler ["http-apr-8080"]
十月 14, 2018 6:36:40 下午 org.apache.coyote.AbstractProtocol init
信息: Initializing ProtocolHandler ["ajp-apr-8009"]
十月 14, 2018 6:36:40 下午 org.apache.catalina.startup.Catalina load
信息: Initialization processed in 2130 ms
十月 14, 2018 6:36:40 下午 org.apache.catalina.core.StandardService startInternal
信息: Starting service Catalina
十月 14, 2018 6:36:40 下午 org.apache.catalina.core.StandardEngine startInternal
信息: Starting Servlet Engine: Apache Tomcat/7.0.91
十月 14, 2018 6:36:40 下午 org.apache.catalina.startup.HostConfig deployDirectory
信息: Deploying web application directory E:\Java\apache-tomcat-7.0.91\webapps\docs
十月 14, 2018 6:36:40 下午 org.apache.catalina.startup.HostConfig deployDirectory
信息: Deployment of web application directory E:\Java\apache-tomcat-7.0.91\webapps\docs has finished in 531 ms
十月 14, 2018 6:36:40 下午 org.apache.catalina.startup.HostConfig deployDirectory
信息: Deploying web application directory E:\Java\apache-tomcat-7.0.91\webapps\examples
十月 14, 2018 11:33:35 下午 org.apache.catalina.startup.VersionLoggerListener log
信息: Server version:        Apache Tomcat/7.0.91
十月 14, 2018 11:33:35 下午 org.apache.catalina.startup.VersionLoggerListener log
信息: Server built:          Sep 13 2018 19:52:12 UTC
十月 14, 2018 11:33:35 下午 org.apache.catalina.startup.VersionLoggerListener log
信息: Server number:         7.0.91.0
十月 14, 2018 11:33:35 下午 org.apache.catalina.startup.VersionLoggerListener log
信息: OS Name:               Windows 10
十月 14, 2018 11:33:35 下午 org.apache.catalina.startup.VersionLoggerListener log
信息: OS Version:            10.0
十月 14, 2018 11:33:35 下午 org.apache.catalina.startup.VersionLoggerListener log
信息: Architecture:          amd64
十月 14, 2018 11:33:35 下午 org.apache.catalina.startup.VersionLoggerListener log
信息: Java Home:             E:\Java\jdk\jre
十月 14, 2018 11:33:35 下午 org.apache.catalina.startup.VersionLoggerListener log
信息: JVM Version:           1.8.0_181-b13
十月 14, 2018 11:33:35 下午 org.apache.catalina.startup.VersionLoggerListener log
信息: JVM Vendor:            Oracle Corporation
十月 14, 2018 11:33:35 下午 org.apache.catalina.startup.VersionLoggerListener log
信息: CATALINA_BASE:         E:\Java\apache-tomcat-7.0.91
十月 14, 2018 11:33:35 下午 org.apache.catalina.startup.VersionLoggerListener log
信息: CATALINA_HOME:         E:\Java\apache-tomcat-7.0.91
十月 14, 2018 11:33:35 下午 org.apache.catalina.startup.VersionLoggerListener log
信息: Command line argument: -Djava.util.logging.config.file=E:\Java\apache-tomcat-7.0.91\conf\logging.properties
十月 14, 2018 11:33:35 下午 org.apache.catalina.startup.VersionLoggerListener log
信息: Command line argument: -Djava.util.logging.manager=org.apache.juli.ClassLoaderLogManager
十月 14, 2018 11:33:35 下午 org.apache.catalina.startup.VersionLoggerListener log
信息: Command line argument: -Djdk.tls.ephemeralDHKeySize=2048
十月 14, 2018 11:33:35 下午 org.apache.catalina.startup.VersionLoggerListener log
信息: Command line argument: -Dignore.endorsed.dirs=
十月 14, 2018 11:33:35 下午 org.apache.catalina.startup.VersionLoggerListener log
信息: Command line argument: -Dcatalina.base=E:\Java\apache-tomcat-7.0.91
十月 14, 2018 11:33:35 下午 org.apache.catalina.startup.VersionLoggerListener log
信息: Command line argument: -Dcatalina.home=E:\Java\apache-tomcat-7.0.91
十月 14, 2018 11:33:35 下午 org.apache.catalina.startup.VersionLoggerListener log
信息: Command line argument: -Djava.io.tmpdir=E:\Java\apache-tomcat-7.0.91\temp
十月 14, 2018 11:33:35 下午 org.apache.catalina.core.AprLifecycleListener lifecycleEvent
信息: Loaded APR based Apache Tomcat Native library 1.2.17 using APR version 1.6.3.
十月 14, 2018 11:33:35 下午 org.apache.catalina.core.AprLifecycleListener lifecycleEvent
信息: APR capabilities: IPv6 [true], sendfile [true], accept filters [false], random [true].
十月 14, 2018 11:33:36 下午 org.apache.catalina.core.AprLifecycleListener initializeSSL
信息: OpenSSL successfully initialized (OpenSSL 1.0.2o  27 Mar 2018)
十月 14, 2018 11:33:36 下午 org.apache.coyote.AbstractProtocol init
信息: Initializing ProtocolHandler ["http-apr-4399"]
十月 14, 2018 11:33:37 下午 org.apache.coyote.AbstractProtocol init
信息: Initializing ProtocolHandler ["ajp-apr-8009"]
十月 14, 2018 11:33:37 下午 org.apache.catalina.startup.Catalina load
信息: Initialization processed in 1740 ms
十月 14, 2018 11:33:37 下午 org.apache.catalina.core.StandardService startInternal
信息: Starting service Catalina
十月 14, 2018 11:33:37 下午 org.apache.catalina.core.StandardEngine startInternal
信息: Starting Servlet Engine: Apache Tomcat/7.0.91
十月 14, 2018 11:33:37 下午 org.apache.catalina.startup.HostConfig deployDirectory
信息: Deploying web application directory E:\Java\apache-tomcat-7.0.91\webapps\docs
十月 14, 2018 11:33:37 下午 org.apache.catalina.startup.HostConfig deployDirectory
信息: Deployment of web application directory E:\Java\apache-tomcat-7.0.91\webapps\docs has finished in 488 ms
十月 14, 2018 11:33:37 下午 org.apache.catalina.startup.HostConfig deployDirectory
信息: Deploying web application directory E:\Java\apache-tomcat-7.0.91\webapps\examples
十月 14, 2018 11:33:39 下午 org.apache.catalina.startup.HostConfig deployDirectory
信息: Deployment of web application directory E:\Java\apache-tomcat-7.0.91\webapps\examples has finished in 1,773 ms
十月 14, 2018 11:33:39 下午 org.apache.catalina.startup.HostConfig deployDirectory
信息: Deploying web application directory E:\Java\apache-tomcat-7.0.91\webapps\host-manager
十月 14, 2018 11:33:39 下午 org.apache.catalina.startup.HostConfig deployDirectory
信息: Deployment of web application directory E:\Java\apache-tomcat-7.0.91\webapps\host-manager has finished in 124 ms
十月 14, 2018 11:33:39 下午 org.apache.catalina.startup.HostConfig deployDirectory
信息: Deploying web application directory E:\Java\apache-tomcat-7.0.91\webapps\manager
十月 14, 2018 11:33:39 下午 org.apache.catalina.startup.HostConfig deployDirectory
信息: Deployment of web application directory E:\Java\apache-tomcat-7.0.91\webapps\manager has finished in 74 ms
十月 14, 2018 11:33:39 下午 org.apache.catalina.startup.HostConfig deployDirectory
信息: Deploying web application directory E:\Java\apache-tomcat-7.0.91\webapps\ROOT
十月 14, 2018 11:33:39 下午 org.apache.catalina.startup.HostConfig deployDirectory
信息: Deployment of web application directory E:\Java\apache-tomcat-7.0.91\webapps\ROOT has finished in 46 ms
十月 14, 2018 11:33:39 下午 org.apache.coyote.AbstractProtocol start
信息: Starting ProtocolHandler ["http-apr-4399"]
十月 14, 2018 11:33:39 下午 org.apache.coyote.AbstractProtocol start
信息: Starting ProtocolHandler ["ajp-apr-8009"]
十月 14, 2018 11:33:39 下午 org.apache.catalina.startup.Catalina start
信息: Server startup in 2605 ms
